Using pre-set license
Built from '2020.3/staging' branch; Version is '2020.3.3f1 (76626098c1c4) revision 7758432'; Using compiler version '192528614'; Build Type 'Release'
OS: 'Windows 10 Pro; OS build 19042.928; Version 2009; 64bit' Language: 'ko' Physical Memory: 16201 MB
BatchMode: 1, IsHumanControllingUs: 0, StartBugReporterOnCrash: 0, Is64bit: 1, IsPro: 0

 COMMAND LINE ARGUMENTS:
C:\Program Files\Unity\Hub\Editor\2020.3.3f1\Editor\Unity.exe
-adb2
-batchMode
-noUpm
-name
AssetImportWorker0
-projectPath
C:/Users/pnu/Desktop/Unity_Test/Unity_Test/ML-Agent
-logFile
Logs/AssetImportWorker0.log
-srvPort
51307
Successfully changed project path to: C:/Users/pnu/Desktop/Unity_Test/Unity_Test/ML-Agent
C:/Users/pnu/Desktop/Unity_Test/Unity_Test/ML-Agent
Using Asset Import Pipeline V2.
Refreshing native plugins compatible for Editor in 20.26 ms, found 0 plugins.
Preloading 0 native plugins for Editor in 0.00 ms.
Initialize engine version: 2020.3.3f1 (76626098c1c4)
[Subsystems] Discovering subsystems at path C:/Program Files/Unity/Hub/Editor/2020.3.3f1/Editor/Data/Resources/UnitySubsystems
[Subsystems] Discovering subsystems at path C:/Users/pnu/Desktop/Unity_Test/Unity_Test/ML-Agent/Assets
GfxDevice: creating device client; threaded=0
Direct3D:
    Version:  Direct3D 11.0 [level 11.1]
    Renderer: NVIDIA GeForce RTX 2060 (ID=0x1f15)
    Vendor:   
    VRAM:     5980 MB
    Driver:   27.21.14.6140
Initialize mono
Mono path[0] = 'C:/Program Files/Unity/Hub/Editor/2020.3.3f1/Editor/Data/Managed'
Mono path[1] = 'C:/Program Files/Unity/Hub/Editor/2020.3.3f1/Editor/Data/MonoBleedingEdge/lib/mono/unityjit'
Mono config path = 'C:/Program Files/Unity/Hub/Editor/2020.3.3f1/Editor/Data/MonoBleedingEdge/etc'
Using monoOptions --debugger-agent=transport=dt_socket,embedding=1,server=y,suspend=n,address=127.0.0.1:56420
Begin MonoManager ReloadAssembly
Registering precompiled unity dll's ...
Register platform support module: C:/Program Files/Unity/Hub/Editor/2020.3.3f1/Editor/Data/PlaybackEngines/WebGLSupport/UnityEditor.WebGL.Extensions.dll
Register platform support module: C:/Program Files/Unity/Hub/Editor/2020.3.3f1/Editor/Data/PlaybackEngines/WindowsStandaloneSupport/UnityEditor.WindowsStandalone.Extensions.dll
Registered in 0.003867 seconds.
Native extension for WindowsStandalone target not found
Native extension for WebGL target not found
Refreshing native plugins compatible for Editor in 20.09 ms, found 0 plugins.
Preloading 0 native plugins for Editor in 0.00 ms.
Invoked RoslynAnalysisRunner static constructor.
RoslynAnalysisRunner will not be running.
RoslynAnalysisRunner has terminated.
Mono: successfully reloaded assembly
- Completed reload, in  0.875 seconds
Platform modules already initialized, skipping
Registering precompiled user dll's ...
Registered in 0.000751 seconds.
Begin MonoManager ReloadAssembly
Native extension for WindowsStandalone target not found
Native extension for WebGL target not found
Refreshing native plugins compatible for Editor in 0.18 ms, found 0 plugins.
Preloading 0 native plugins for Editor in 0.00 ms.
Invoked RoslynAnalysisRunner static constructor.
RoslynAnalysisRunner will not be running.
RoslynAnalysisRunner has terminated.
Mono: successfully reloaded assembly
- Completed reload, in  0.705 seconds
Platform modules already initialized, skipping
========================================================================
Worker process is ready to serve import requests
Launched and connected shader compiler UnityShaderCompiler.exe after 0.04 seconds
Refreshing native plugins compatible for Editor in 0.18 ms, found 0 plugins.
Preloading 0 native plugins for Editor in 0.00 ms.
Unloading 1115 Unused Serialized files (Serialized files now loaded: 0)
System memory in use before: 57.1 MB.
System memory in use after: 57.2 MB.

Unloading 10 unused Assets to reduce memory usage. Loaded Objects now: 1557.
Total: 1.517900 ms (FindLiveObjects: 0.100700 ms CreateObjectMapping: 0.028700 ms MarkObjects: 1.329300 ms  DeleteObjects: 0.057100 ms)

========================================================================
Received Import Request.
  path: Packages/com.unity.ext.nunit
  artifactKey: Guid(25a477c2f24db8778a4179421a32cc21) Importer(815301076,1909f56bfc062723c751e8b465ee728b)
Start importing Packages/com.unity.ext.nunit using Guid(25a477c2f24db8778a4179421a32cc21) Importer(815301076,1909f56bfc062723c751e8b465ee728b)  -> (artifact id: '0cddb62e2a28680032294ca75f5f4010') in 0.003464 seconds
  Import took 0.005005 seconds .

========================================================================
Received Import Request.
  Time since last request: 12.535230 seconds.
  path: Packages/com.unity.ext.nunit/package.json
  artifactKey: Guid(8143d3a8390f2c64685e3bc272bd9e90) Importer(815301076,1909f56bfc062723c751e8b465ee728b)
Start importing Packages/com.unity.ext.nunit/package.json using Guid(8143d3a8390f2c64685e3bc272bd9e90) Importer(815301076,1909f56bfc062723c751e8b465ee728b)  -> (artifact id: '7f2c54a45364b731cf13813a76f19903') in 0.033403 seconds
  Import took 0.034858 seconds .

========================================================================
Received Import Request.
  Time since last request: 2.238461 seconds.
  path: Packages/com.unity.ext.nunit/README.md
  artifactKey: Guid(5da62a0c1c5218c4aa16b74546a7822d) Importer(815301076,1909f56bfc062723c751e8b465ee728b)
Start importing Packages/com.unity.ext.nunit/README.md using Guid(5da62a0c1c5218c4aa16b74546a7822d) Importer(815301076,1909f56bfc062723c751e8b465ee728b)  -> (artifact id: '9299815ee8dffc16e47e9cbccabf9b37') in 0.009593 seconds
  Import took 0.011473 seconds .

========================================================================
Received Import Request.
  Time since last request: 7.546969 seconds.
  path: Packages/com.unity.timeline/package.json
  artifactKey: Guid(13a9c1b4df2e489e8eb9cacca7429596) Importer(815301076,1909f56bfc062723c751e8b465ee728b)
Start importing Packages/com.unity.timeline/package.json using Guid(13a9c1b4df2e489e8eb9cacca7429596) Importer(815301076,1909f56bfc062723c751e8b465ee728b)  -> (artifact id: '09144c7e5b964b5c91dce928afb4eb44') in 0.012192 seconds
  Import took 0.013835 seconds .

========================================================================
Received Import Request.
  Time since last request: 1.085198 seconds.
  path: Packages/com.unity.ugui/package.json
  artifactKey: Guid(319b8889f363f5947acf209c17a94149) Importer(815301076,1909f56bfc062723c751e8b465ee728b)
Start importing Packages/com.unity.ugui/package.json using Guid(319b8889f363f5947acf209c17a94149) Importer(815301076,1909f56bfc062723c751e8b465ee728b)  -> (artifact id: 'afcafef3d83d32e2397f27795128df39') in 0.010754 seconds
  Import took 0.012663 seconds .

========================================================================
Received Import Request.
  Time since last request: 0.960694 seconds.
  path: Packages/com.unity.ide.vscode/package.json
  artifactKey: Guid(ffc6271f08270b64ca0aae9c49235d81) Importer(815301076,1909f56bfc062723c751e8b465ee728b)
Start importing Packages/com.unity.ide.vscode/package.json using Guid(ffc6271f08270b64ca0aae9c49235d81) Importer(815301076,1909f56bfc062723c751e8b465ee728b)  -> (artifact id: '9ce4b249c9ce0375001f2b90b5e05856') in 0.002378 seconds
  Import took 0.003833 seconds .

========================================================================
Received Import Request.
  Time since last request: 0.816571 seconds.
  path: Packages/com.unity.ide.visualstudio/package.json
  artifactKey: Guid(656f74f6edaa396458412b9e3903d8cd) Importer(815301076,1909f56bfc062723c751e8b465ee728b)
Start importing Packages/com.unity.ide.visualstudio/package.json using Guid(656f74f6edaa396458412b9e3903d8cd) Importer(815301076,1909f56bfc062723c751e8b465ee728b)  -> (artifact id: '24a52f48ff9e34bc9ef6658f10f2ad4c') in 0.011175 seconds
  Import took 0.012940 seconds .

========================================================================
Received Import Request.
  Time since last request: 3.260728 seconds.
  path: Packages/com.unity.ugui/Tests
  artifactKey: Guid(d850db319a63d2546932ff76fe55a498) Importer(815301076,1909f56bfc062723c751e8b465ee728b)
Start importing Packages/com.unity.ugui/Tests using Guid(d850db319a63d2546932ff76fe55a498) Importer(815301076,1909f56bfc062723c751e8b465ee728b)  -> (artifact id: '6939ca1a9680ccf18572f8f5bd984dcb') in 0.002805 seconds
  Import took 0.013301 seconds .

========================================================================
Received Import Request.
  Time since last request: 1.402601 seconds.
  path: Packages/com.unity.ugui/Tests/Runtime
  artifactKey: Guid(c545241cf2e56ec4997d7677f01ef43d) Importer(815301076,1909f56bfc062723c751e8b465ee728b)
Start importing Packages/com.unity.ugui/Tests/Runtime using Guid(c545241cf2e56ec4997d7677f01ef43d) Importer(815301076,1909f56bfc062723c751e8b465ee728b)  -> (artifact id: '3b1b9add96916c208cdf6c5a3a9ea14b') in 0.003018 seconds
  Import took 0.004957 seconds .

========================================================================
Received Import Request.
  Time since last request: 0.051159 seconds.
  path: Packages/com.unity.ugui/Tests/Runtime/UnityEngine.UI.Tests.asmdef
  artifactKey: Guid(e9745f6a32442194c8dc5a43e9ab86f9) Importer(815301076,1909f56bfc062723c751e8b465ee728b)
Start importing Packages/com.unity.ugui/Tests/Runtime/UnityEngine.UI.Tests.asmdef using Guid(e9745f6a32442194c8dc5a43e9ab86f9) Importer(815301076,1909f56bfc062723c751e8b465ee728b)  -> (artifact id: 'eda0a249ff5e6bd03a8ce14ed172c22b') in 0.003870 seconds
  Import took 0.005283 seconds .

========================================================================
Received Import Request.
  Time since last request: 2.500630 seconds.
  path: Packages/com.unity.ugui/Tests/Runtime/Button
  artifactKey: Guid(239dd6edc8e5cd14585c03e09e86a747) Importer(815301076,1909f56bfc062723c751e8b465ee728b)
Start importing Packages/com.unity.ugui/Tests/Runtime/Button using Guid(239dd6edc8e5cd14585c03e09e86a747) Importer(815301076,1909f56bfc062723c751e8b465ee728b)  -> (artifact id: 'c6c4895fa92e5ff663c9c5817ebe04d6') in 0.003331 seconds
  Import took 0.005438 seconds .

========================================================================
Received Import Request.
  Time since last request: 4.208290 seconds.
  path: Packages/com.unity.ugui/Tests/Runtime/Image
  artifactKey: Guid(1091bc2ad06e3234aac2b2fa2841c09d) Importer(815301076,1909f56bfc062723c751e8b465ee728b)
Start importing Packages/com.unity.ugui/Tests/Runtime/Image using Guid(1091bc2ad06e3234aac2b2fa2841c09d) Importer(815301076,1909f56bfc062723c751e8b465ee728b)  -> (artifact id: '761de06e664af350eb7d6b78ea08ba8f') in 0.003319 seconds
  Import took 0.005553 seconds .

========================================================================
Received Import Request.
  Time since last request: 4.410165 seconds.
  path: Packages/com.unity.test-framework/package.json
  artifactKey: Guid(d6a2e6e4803de7b43baacdc355fc144d) Importer(815301076,1909f56bfc062723c751e8b465ee728b)
Start importing Packages/com.unity.test-framework/package.json using Guid(d6a2e6e4803de7b43baacdc355fc144d) Importer(815301076,1909f56bfc062723c751e8b465ee728b)  -> (artifact id: '87d4f89fba4373604071d2293d98085c') in 0.011182 seconds
  Import took 0.012657 seconds .

========================================================================
Received Import Request.
  Time since last request: 1.314644 seconds.
  path: Packages/com.unity.test-framework/UnityEditor.TestRunner
  artifactKey: Guid(95cdf27b47eb82747ba9e51f41e72a35) Importer(815301076,1909f56bfc062723c751e8b465ee728b)
Start importing Packages/com.unity.test-framework/UnityEditor.TestRunner using Guid(95cdf27b47eb82747ba9e51f41e72a35) Importer(815301076,1909f56bfc062723c751e8b465ee728b)  -> (artifact id: '7b09864bd42ee2ed3bd566e217c795b8') in 0.002534 seconds
  Import took 0.004011 seconds .

========================================================================
Received Import Request.
  Time since last request: 0.066369 seconds.
  path: Packages/com.unity.test-framework/UnityEditor.TestRunner/UnityEditor.TestRunner.asmdef
  artifactKey: Guid(0acc523941302664db1f4e527237feb3) Importer(815301076,1909f56bfc062723c751e8b465ee728b)
Start importing Packages/com.unity.test-framework/UnityEditor.TestRunner/UnityEditor.TestRunner.asmdef using Guid(0acc523941302664db1f4e527237feb3) Importer(815301076,1909f56bfc062723c751e8b465ee728b)  -> (artifact id: 'd308e4b36d8da16d6ad5d47cd6eb19a6') in 0.001802 seconds
  Import took 0.003355 seconds .

========================================================================
Received Import Request.
  Time since last request: 3.767879 seconds.
  path: Packages/com.unity.test-framework/UnityEditor.TestRunner/GUI
  artifactKey: Guid(7e609b27ad2caa14c83dd9951b6c13c6) Importer(815301076,1909f56bfc062723c751e8b465ee728b)
Start importing Packages/com.unity.test-framework/UnityEditor.TestRunner/GUI using Guid(7e609b27ad2caa14c83dd9951b6c13c6) Importer(815301076,1909f56bfc062723c751e8b465ee728b)  -> (artifact id: '6d3c32a29213c3ad9c34baed6d83f7c9') in 0.002442 seconds
  Import took 0.004363 seconds .

========================================================================
Received Import Request.
  Time since last request: 0.512150 seconds.
  path: Packages/com.unity.test-framework/UnityEditor.TestRunner/CommandLineTest
  artifactKey: Guid(b477d1f29b65a674e9d5cdab4eb72b01) Importer(815301076,1909f56bfc062723c751e8b465ee728b)
Start importing Packages/com.unity.test-framework/UnityEditor.TestRunner/CommandLineTest using Guid(b477d1f29b65a674e9d5cdab4eb72b01) Importer(815301076,1909f56bfc062723c751e8b465ee728b)  -> (artifact id: 'fde3b74d4a9e4f44d7e7993a0f5a7a3f') in 0.002175 seconds
  Import took 0.011849 seconds .

========================================================================
Received Import Request.
  Time since last request: 0.437719 seconds.
  path: Packages/com.unity.test-framework/UnityEditor.TestRunner/CommandLineParser
  artifactKey: Guid(7602252bdb82b8d45ae3483c3a00d3e1) Importer(815301076,1909f56bfc062723c751e8b465ee728b)
Start importing Packages/com.unity.test-framework/UnityEditor.TestRunner/CommandLineParser using Guid(7602252bdb82b8d45ae3483c3a00d3e1) Importer(815301076,1909f56bfc062723c751e8b465ee728b)  -> (artifact id: '73646ef7c8c77df1f37f77757d66a034') in 0.002595 seconds
  Import took 0.004420 seconds .

========================================================================
Received Import Request.
  Time since last request: 0.352808 seconds.
  path: Packages/com.unity.test-framework/UnityEditor.TestRunner/Api
  artifactKey: Guid(fa423365b1ce06a4dbdc6fb4a8597bfa) Importer(815301076,1909f56bfc062723c751e8b465ee728b)
Start importing Packages/com.unity.test-framework/UnityEditor.TestRunner/Api using Guid(fa423365b1ce06a4dbdc6fb4a8597bfa) Importer(815301076,1909f56bfc062723c751e8b465ee728b)  -> (artifact id: 'eac4df1fa645879ddba5f467f7edb961') in 0.003116 seconds
  Import took 0.004978 seconds .

========================================================================
Received Import Request.
  Time since last request: 7.179812 seconds.
  path: Packages/com.unity.ugui/Editor
  artifactKey: Guid(bee384ad5b4d1a843a018082e7db53cd) Importer(815301076,1909f56bfc062723c751e8b465ee728b)
Start importing Packages/com.unity.ugui/Editor using Guid(bee384ad5b4d1a843a018082e7db53cd) Importer(815301076,1909f56bfc062723c751e8b465ee728b)  -> (artifact id: 'a5cd9b94b27af7cb60c45480864bde4b') in 0.002572 seconds
  Import took 0.004278 seconds .

========================================================================
Received Import Request.
  Time since last request: 0.053901 seconds.
  path: Packages/com.unity.ugui/Editor/UnityEditor.UI.asmdef
  artifactKey: Guid(343deaaf83e0cee4ca978e7df0b80d21) Importer(815301076,1909f56bfc062723c751e8b465ee728b)
Start importing Packages/com.unity.ugui/Editor/UnityEditor.UI.asmdef using Guid(343deaaf83e0cee4ca978e7df0b80d21) Importer(815301076,1909f56bfc062723c751e8b465ee728b)  -> (artifact id: 'ad2ab9ad819fa3d6fbaf0400d471f671') in 0.001883 seconds
  Import took 0.003351 seconds .

========================================================================
Received Import Request.
  Time since last request: 1.260428 seconds.
  path: Packages/com.unity.ugui/Editor/Properties
  artifactKey: Guid(cf97e54bcd5479a46bdbade48da047cc) Importer(815301076,1909f56bfc062723c751e8b465ee728b)
Start importing Packages/com.unity.ugui/Editor/Properties using Guid(cf97e54bcd5479a46bdbade48da047cc) Importer(815301076,1909f56bfc062723c751e8b465ee728b)  -> (artifact id: 'c54e088798006f56397115fd3d26a3c5') in 0.002508 seconds
  Import took 0.004319 seconds .

========================================================================
Received Import Request.
  Time since last request: 4.900448 seconds.
  path: Packages/com.unity.ugui/Editor/UI/ButtonEditor.cs
  artifactKey: Guid(472a6f18dd2f97c41af72271d22db869) Importer(815301076,1909f56bfc062723c751e8b465ee728b)
Start importing Packages/com.unity.ugui/Editor/UI/ButtonEditor.cs using Guid(472a6f18dd2f97c41af72271d22db869) Importer(815301076,1909f56bfc062723c751e8b465ee728b)  -> (artifact id: '682c71929c187d3c8b8eb9ac4b4ca17a') in 0.013546 seconds
  Import took 0.015165 seconds .

========================================================================
Received Import Request.
  Time since last request: 0.001583 seconds.
  path: Packages/com.unity.ugui/Editor/UI/ButtonEditor.cs
  artifactKey: Guid(472a6f18dd2f97c41af72271d22db869) Importer(815301076,1909f56bfc062723c751e8b465ee728b)
Start importing Packages/com.unity.ugui/Editor/UI/ButtonEditor.cs using Guid(472a6f18dd2f97c41af72271d22db869) Importer(815301076,1909f56bfc062723c751e8b465ee728b)  -> (artifact id: '682c71929c187d3c8b8eb9ac4b4ca17a') in 0.002182 seconds
  Import took 0.003697 seconds .

========================================================================
Received Import Request.
  Time since last request: 17.160624 seconds.
  path: Packages/com.unity.ugui/Editor/UI/PropertyDrawers
  artifactKey: Guid(bc9aa6d5a7945f34882c442e9e201537) Importer(815301076,1909f56bfc062723c751e8b465ee728b)
Start importing Packages/com.unity.ugui/Editor/UI/PropertyDrawers using Guid(bc9aa6d5a7945f34882c442e9e201537) Importer(815301076,1909f56bfc062723c751e8b465ee728b)  -> (artifact id: 'b394bc2b41df57104dbf200d6260e4d7') in 0.002431 seconds
  Import took 0.004074 seconds .

========================================================================
Received Import Request.
  Time since last request: 6.871702 seconds.
  path: Packages/com.unity.textmeshpro/package.json
  artifactKey: Guid(220e9325710f4235a43492dd1ee4980d) Importer(815301076,1909f56bfc062723c751e8b465ee728b)
Start importing Packages/com.unity.textmeshpro/package.json using Guid(220e9325710f4235a43492dd1ee4980d) Importer(815301076,1909f56bfc062723c751e8b465ee728b)  -> (artifact id: 'c9119f0fd161d92f7007f10e51875bd3') in 0.012095 seconds
  Import took 0.013658 seconds .

========================================================================
Received Import Request.
  Time since last request: 1.349233 seconds.
  path: Packages/com.unity.ide.rider/package.json
  artifactKey: Guid(66c95bb3c74257f41bae2622511dc02d) Importer(815301076,1909f56bfc062723c751e8b465ee728b)
Start importing Packages/com.unity.ide.rider/package.json using Guid(66c95bb3c74257f41bae2622511dc02d) Importer(815301076,1909f56bfc062723c751e8b465ee728b)  -> (artifact id: 'acc695bfcf38eb498902ab2cd6e7c2d2') in 0.011728 seconds
  Import took 0.013223 seconds .

========================================================================
Received Import Request.
  Time since last request: 2.788415 seconds.
  path: Packages/com.unity.ext.nunit/net35
  artifactKey: Guid(a36d8b72880a8004f96ac54ce4598ff9) Importer(815301076,1909f56bfc062723c751e8b465ee728b)
Start importing Packages/com.unity.ext.nunit/net35 using Guid(a36d8b72880a8004f96ac54ce4598ff9) Importer(815301076,1909f56bfc062723c751e8b465ee728b)  -> (artifact id: 'ab217a4600d3fc2af4b3e96e62c96c56') in 0.002412 seconds
  Import took 0.004057 seconds .

========================================================================
Received Import Request.
  Time since last request: 0.598718 seconds.
  path: Packages/com.unity.ext.nunit/net35/unity-custom
  artifactKey: Guid(2347243c7aa3e224f9282dc94e6fc3b2) Importer(815301076,1909f56bfc062723c751e8b465ee728b)
Start importing Packages/com.unity.ext.nunit/net35/unity-custom using Guid(2347243c7aa3e224f9282dc94e6fc3b2) Importer(815301076,1909f56bfc062723c751e8b465ee728b)  -> (artifact id: 'a03ba97f74671bc927b04d64e4c77e14') in 0.002501 seconds
  Import took 0.004091 seconds .

========================================================================
Received Import Request.
  Time since last request: 0.780357 seconds.
  path: Packages/com.unity.ext.nunit/net35/unity-custom/nunit.framework.dll
  artifactKey: Guid(f1605f5534186904fa2c4c42acbfe01e) Importer(815301076,1909f56bfc062723c751e8b465ee728b)
Start importing Packages/com.unity.ext.nunit/net35/unity-custom/nunit.framework.dll using Guid(f1605f5534186904fa2c4c42acbfe01e) Importer(815301076,1909f56bfc062723c751e8b465ee728b)  -> (artifact id: '1dde3e7ff57ddac0bb3c7cd6c387c40f') in 0.008049 seconds
  Import took 0.009643 seconds .

========================================================================
Received Import Request.
  Time since last request: 0.006391 seconds.
  path: Packages/com.unity.ext.nunit/net35/unity-custom/nunit.framework.dll
  artifactKey: Guid(f1605f5534186904fa2c4c42acbfe01e) Importer(815301076,1909f56bfc062723c751e8b465ee728b)
Start importing Packages/com.unity.ext.nunit/net35/unity-custom/nunit.framework.dll using Guid(f1605f5534186904fa2c4c42acbfe01e) Importer(815301076,1909f56bfc062723c751e8b465ee728b)  -> (artifact id: '1dde3e7ff57ddac0bb3c7cd6c387c40f') in 0.001869 seconds
  Import took 0.003284 seconds .

========================================================================
Received Import Request.
  Time since last request: 35.378965 seconds.
  path: Assets/BrokenVector
  artifactKey: Guid(daeb893bc7b49534897ab24473f713b6) Importer(815301076,1909f56bfc062723c751e8b465ee728b)
Start importing Assets/BrokenVector using Guid(daeb893bc7b49534897ab24473f713b6) Importer(815301076,1909f56bfc062723c751e8b465ee728b)  -> (artifact id: 'aad35eeaaf76e076fcda0b15be171606') in 0.002227 seconds
  Import took 0.012292 seconds .

========================================================================
Received Import Request.
  Time since last request: 0.768775 seconds.
  path: Assets/BrokenVector/LowPolyRoadPack
  artifactKey: Guid(e7936b04baec8e74a8c44bdfaa78534f) Importer(815301076,1909f56bfc062723c751e8b465ee728b)
Start importing Assets/BrokenVector/LowPolyRoadPack using Guid(e7936b04baec8e74a8c44bdfaa78534f) Importer(815301076,1909f56bfc062723c751e8b465ee728b)  -> (artifact id: '9104a90aceaf904e17bda75d8f0a08af') in 0.002499 seconds
  Import took 0.004064 seconds .

========================================================================
Received Import Request.
  Time since last request: 2.190738 seconds.
  path: Assets/BrokenVector/LowPolyRoadPack/Demo
  artifactKey: Guid(2469141f37ffafb4784fc96766e97a58) Importer(815301076,1909f56bfc062723c751e8b465ee728b)
Start importing Assets/BrokenVector/LowPolyRoadPack/Demo using Guid(2469141f37ffafb4784fc96766e97a58) Importer(815301076,1909f56bfc062723c751e8b465ee728b)  -> (artifact id: 'e0ee7e9059b2dd48b32a2152206c3597') in 0.002294 seconds
  Import took 0.004010 seconds .

========================================================================
Received Import Request.
  Time since last request: 2.068843 seconds.
  path: Assets/BrokenVector/LowPolyRoadPack/Demo/Low Poly Road Pack Demo.unity
  artifactKey: Guid(8d68a8c139112ee4387ec230ac89a4a2) Importer(815301076,1909f56bfc062723c751e8b465ee728b)
Start importing Assets/BrokenVector/LowPolyRoadPack/Demo/Low Poly Road Pack Demo.unity using Guid(8d68a8c139112ee4387ec230ac89a4a2) Importer(815301076,1909f56bfc062723c751e8b465ee728b)  -> (artifact id: 'ee19df3a29b696e7125918aa2aed0721') in 0.003867 seconds
  Import took 0.006072 seconds .

AssetImportWorkerClient::OnTransportError - code=2 error=End of file
